[2025-01-26T09:40:22.044+0000] {local_task_job_runner.py:123} INFO - ::group::Pre task execution logs
[2025-01-26T09:40:22.418+0000] {taskinstance.py:2613} INFO - Dependencies all met for dep_context=non-requeueable deps ti=<TaskInstance: fetch_and_store_ebooks.insert_ebook_data scheduled__2020-01-18T00:00:00+00:00 [queued]>
[2025-01-26T09:40:22.736+0000] {taskinstance.py:2613} INFO - Dependencies all met for dep_context=requeueable deps ti=<TaskInstance: fetch_and_store_ebooks.insert_ebook_data scheduled__2020-01-18T00:00:00+00:00 [queued]>
[2025-01-26T09:40:22.743+0000] {taskinstance.py:2866} INFO - Starting attempt 1 of 2
[2025-01-26T09:40:24.066+0000] {taskinstance.py:2889} INFO - Executing <Task(PythonOperator): insert_ebook_data> on 2020-01-18 00:00:00+00:00
[2025-01-26T09:40:24.318+0000] {warnings.py:112} WARNING - /home/***/.local/lib/python3.12/site-packages/***/task/task_runner/standard_task_runner.py:70: DeprecationWarning: This process (pid=5050) is multi-threaded, use of fork() may lead to deadlocks in the child.
  pid = os.fork()

[2025-01-26T09:40:24.365+0000] {standard_task_runner.py:72} INFO - Started process 5087 to run task
[2025-01-26T09:40:24.434+0000] {standard_task_runner.py:104} INFO - Running: ['***', 'tasks', 'run', 'fetch_and_store_ebooks', 'insert_ebook_data', 'scheduled__2020-01-18T00:00:00+00:00', '--job-id', '1200', '--raw', '--subdir', 'DAGS_FOLDER/app.py', '--cfg-path', '/tmp/tmpb181t9e0']
[2025-01-26T09:40:24.500+0000] {standard_task_runner.py:105} INFO - Job 1200: Subtask insert_ebook_data
[2025-01-26T09:40:25.453+0000] {task_command.py:467} INFO - Running <TaskInstance: fetch_and_store_ebooks.insert_ebook_data scheduled__2020-01-18T00:00:00+00:00 [running]> on host 34edd304782d
[2025-01-26T09:40:28.680+0000] {taskinstance.py:3132} INFO - Exporting env vars: AIRFLOW_CTX_DAG_OWNER='***' AIRFLOW_CTX_DAG_ID='fetch_and_store_ebooks' AIRFLOW_CTX_TASK_ID='insert_ebook_data' AIRFLOW_CTX_EXECUTION_DATE='2020-01-18T00:00:00+00:00' AIRFLOW_CTX_TRY_NUMBER='1' AIRFLOW_CTX_DAG_RUN_ID='scheduled__2020-01-18T00:00:00+00:00'
[2025-01-26T09:40:28.695+0000] {logging_mixin.py:190} INFO - Task instance is in running state
[2025-01-26T09:40:28.711+0000] {logging_mixin.py:190} INFO -  Previous state of the Task instance: queued
[2025-01-26T09:40:28.721+0000] {logging_mixin.py:190} INFO - Current task name:insert_ebook_data state:running start_date:2025-01-26 09:40:22.576216+00:00
[2025-01-26T09:40:28.724+0000] {logging_mixin.py:190} INFO - Dag name:fetch_and_store_ebooks and current dag run status:running
[2025-01-26T09:40:28.734+0000] {taskinstance.py:731} INFO - ::endgroup::
[2025-01-26T09:40:29.019+0000] {base.py:84} INFO - Retrieving connection 'ebooks_connection'
[2025-01-26T09:40:29.727+0000] {sql.py:553} INFO - Running statement: 
    INSERT INTO ebooks (judul, penulis, link)
    VALUES (%s, %s, %s)
    , parameters: ('Kata Hati', 'by Bernard Batubara', 'https://ebook.twointomedia.com/kata-hati-bernard-batubara/')
[2025-01-26T09:40:29.808+0000] {sql.py:562} INFO - Rows affected: 1
[2025-01-26T09:40:30.362+0000] {sql.py:553} INFO - Running statement: 
    INSERT INTO ebooks (judul, penulis, link)
    VALUES (%s, %s, %s)
    , parameters: ('Insya Allah, Sah', 'by Achi TM', 'https://ebook.twointomedia.com/insya-allah-sah-achi-tm/')
[2025-01-26T09:40:30.435+0000] {sql.py:562} INFO - Rows affected: 1
[2025-01-26T09:40:31.089+0000] {sql.py:553} INFO - Running statement: 
    INSERT INTO ebooks (judul, penulis, link)
    VALUES (%s, %s, %s)
    , parameters: ('I Love You Dearly', 'by Ria N. Badaria', 'https://ebook.twointomedia.com/i-love-you-dearly-ria-n-badaria/')
[2025-01-26T09:40:31.148+0000] {sql.py:562} INFO - Rows affected: 1
[2025-01-26T09:40:32.084+0000] {sql.py:553} INFO - Running statement: 
    INSERT INTO ebooks (judul, penulis, link)
    VALUES (%s, %s, %s)
    , parameters: ('Love Latte', 'by Phoebe', 'https://ebook.twointomedia.com/love-latte-phoebe/')
[2025-01-26T09:40:32.287+0000] {sql.py:562} INFO - Rows affected: 1
[2025-01-26T09:40:33.149+0000] {sql.py:553} INFO - Running statement: 
    INSERT INTO ebooks (judul, penulis, link)
    VALUES (%s, %s, %s)
    , parameters: ('Memutar Ulang Waktu', 'by Gabriella Chandra', 'https://ebook.twointomedia.com/memutar-ulang-waktu-gabriella-chandra/')
[2025-01-26T09:40:33.268+0000] {sql.py:562} INFO - Rows affected: 1
[2025-01-26T09:40:34.142+0000] {sql.py:553} INFO - Running statement: 
    INSERT INTO ebooks (judul, penulis, link)
    VALUES (%s, %s, %s)
    , parameters: ('Who Am I?', 'by Maharani Tasya', 'https://ebook.twointomedia.com/who-am-i-maharani-tasya/')
[2025-01-26T09:40:34.253+0000] {sql.py:562} INFO - Rows affected: 1
[2025-01-26T09:40:35.014+0000] {sql.py:553} INFO - Running statement: 
    INSERT INTO ebooks (judul, penulis, link)
    VALUES (%s, %s, %s)
    , parameters: ('Trapped by You', 'by Siti Nur Atika', 'https://ebook.twointomedia.com/trapped-by-you-siti-nur-atika/')
[2025-01-26T09:40:35.404+0000] {sql.py:562} INFO - Rows affected: 1
[2025-01-26T09:40:36.341+0000] {sql.py:553} INFO - Running statement: 
    INSERT INTO ebooks (judul, penulis, link)
    VALUES (%s, %s, %s)
    , parameters: ('Jika Aku Milikmu', 'by Bernard Batubara', 'https://ebook.twointomedia.com/jika-aku-milikmu-bernard-batubara/')
[2025-01-26T09:40:36.453+0000] {sql.py:562} INFO - Rows affected: 1
[2025-01-26T09:40:37.372+0000] {sql.py:553} INFO - Running statement: 
    INSERT INTO ebooks (judul, penulis, link)
    VALUES (%s, %s, %s)
    , parameters: ('5 cm', 'by Donny Dhirgantoro', 'https://ebook.twointomedia.com/5-cm-donny-dhirgantoro/')
[2025-01-26T09:40:37.471+0000] {sql.py:562} INFO - Rows affected: 1
[2025-01-26T09:40:38.462+0000] {sql.py:553} INFO - Running statement: 
    INSERT INTO ebooks (judul, penulis, link)
    VALUES (%s, %s, %s)
    , parameters: ('Cinta Masa Lalu', 'by Nima Mumtaz', 'https://ebook.twointomedia.com/cinta-masa-lalu-nima-mumtaz/')
[2025-01-26T09:40:38.676+0000] {sql.py:562} INFO - Rows affected: 1
[2025-01-26T09:40:39.555+0000] {sql.py:553} INFO - Running statement: 
    INSERT INTO ebooks (judul, penulis, link)
    VALUES (%s, %s, %s)
    , parameters: ('US', 'by Moonkong', 'https://ebook.twointomedia.com/us-moonkong/')
[2025-01-26T09:40:39.710+0000] {sql.py:562} INFO - Rows affected: 1
[2025-01-26T09:40:41.118+0000] {sql.py:553} INFO - Running statement: 
    INSERT INTO ebooks (judul, penulis, link)
    VALUES (%s, %s, %s)
    , parameters: ('Love Fucker', 'by Enniyy', 'https://ebook.twointomedia.com/love-fucker-enniyy/')
[2025-01-26T09:40:41.190+0000] {sql.py:562} INFO - Rows affected: 1
[2025-01-26T09:40:42.567+0000] {sql.py:553} INFO - Running statement: 
    INSERT INTO ebooks (judul, penulis, link)
    VALUES (%s, %s, %s)
    , parameters: ('Bianca', 'by Zenny Arieffka', 'https://ebook.twointomedia.com/bianca-zenny-arieffka/')
[2025-01-26T09:40:42.707+0000] {sql.py:562} INFO - Rows affected: 1
[2025-01-26T09:40:44.201+0000] {sql.py:553} INFO - Running statement: 
    INSERT INTO ebooks (judul, penulis, link)
    VALUES (%s, %s, %s)
    , parameters: ('Hello Shitty', 'by Liara Audrina', 'https://ebook.twointomedia.com/hello-shitty-liara-audrina/')
[2025-01-26T09:40:44.271+0000] {sql.py:562} INFO - Rows affected: 1
[2025-01-26T09:40:45.660+0000] {sql.py:553} INFO - Running statement: 
    INSERT INTO ebooks (judul, penulis, link)
    VALUES (%s, %s, %s)
    , parameters: ('Love Trip', 'by Putu Kurniawati', 'https://ebook.twointomedia.com/love-trip-putu-kurniawati/')
[2025-01-26T09:40:45.901+0000] {sql.py:562} INFO - Rows affected: 1
[2025-01-26T09:40:49.193+0000] {sql.py:553} INFO - Running statement: 
    INSERT INTO ebooks (judul, penulis, link)
    VALUES (%s, %s, %s)
    , parameters: ('Ketika Elang Mencintai Dara', 'by Putu Kurniawati', 'https://ebook.twointomedia.com/ketika-elang-mencintai-dara-putu-kurniawati/')
[2025-01-26T09:40:49.347+0000] {sql.py:562} INFO - Rows affected: 1
[2025-01-26T09:40:52.953+0000] {sql.py:553} INFO - Running statement: 
    INSERT INTO ebooks (judul, penulis, link)
    VALUES (%s, %s, %s)
    , parameters: ('Langit Gemini', 'by Sienna Bachir', 'https://ebook.twointomedia.com/langit-gemini-sienna-bachir/')
[2025-01-26T09:40:53.144+0000] {sql.py:562} INFO - Rows affected: 1
[2025-01-26T09:40:55.428+0000] {sql.py:553} INFO - Running statement: 
    INSERT INTO ebooks (judul, penulis, link)
    VALUES (%s, %s, %s)
    , parameters: ('Cute Love', 'by Ainun Nufus', 'https://ebook.twointomedia.com/cute-love-ainun-nufus/')
[2025-01-26T09:40:55.611+0000] {sql.py:562} INFO - Rows affected: 1
[2025-01-26T09:40:57.674+0000] {sql.py:553} INFO - Running statement: 
    INSERT INTO ebooks (judul, penulis, link)
    VALUES (%s, %s, %s)
    , parameters: ('Dia, Tanpa Aku', 'by Esti Kinasih', 'https://ebook.twointomedia.com/dia-tanpa-aku-esti-kinasih/')
[2025-01-26T09:40:57.930+0000] {sql.py:562} INFO - Rows affected: 1
[2025-01-26T09:40:59.493+0000] {sql.py:553} INFO - Running statement: 
    INSERT INTO ebooks (judul, penulis, link)
    VALUES (%s, %s, %s)
    , parameters: ('147 Letters', 'by Achi TM', 'https://ebook.twointomedia.com/147-letters-achi-tm/')
[2025-01-26T09:40:59.808+0000] {sql.py:562} INFO - Rows affected: 1
[2025-01-26T09:41:00.913+0000] {sql.py:553} INFO - Running statement: 
    INSERT INTO ebooks (judul, penulis, link)
    VALUES (%s, %s, %s)
    , parameters: ('Pasangan Labil', 'by Paramita Swasti Buwana', 'https://ebook.twointomedia.com/pasangan-labil-paramita-swasti-buwana/')
[2025-01-26T09:41:01.042+0000] {sql.py:562} INFO - Rows affected: 1
[2025-01-26T09:41:01.866+0000] {sql.py:553} INFO - Running statement: 
    INSERT INTO ebooks (judul, penulis, link)
    VALUES (%s, %s, %s)
    , parameters: ('When I See Your Smile', 'by Netty Virgiantini', 'https://ebook.twointomedia.com/when-i-see-your-smile-netty-virgiantini/')
[2025-01-26T09:41:01.987+0000] {sql.py:562} INFO - Rows affected: 1
[2025-01-26T09:41:02.740+0000] {sql.py:553} INFO - Running statement: 
    INSERT INTO ebooks (judul, penulis, link)
    VALUES (%s, %s, %s)
    , parameters: ('Love Catcher', 'by Riawani Elyta', 'https://ebook.twointomedia.com/love-catcher-riawani-elyta/')
[2025-01-26T09:41:02.873+0000] {sql.py:562} INFO - Rows affected: 1
[2025-01-26T09:41:04.261+0000] {sql.py:553} INFO - Running statement: 
    INSERT INTO ebooks (judul, penulis, link)
    VALUES (%s, %s, %s)
    , parameters: ('Gue Jomblo Mas Buloh ?!', 'by Dije, Mitha', 'https://ebook.twointomedia.com/gue-jomblo-mas-buloh-dije-mitha/')
[2025-01-26T09:41:04.307+0000] {sql.py:562} INFO - Rows affected: 1
[2025-01-26T09:41:05.447+0000] {sql.py:553} INFO - Running statement: 
    INSERT INTO ebooks (judul, penulis, link)
    VALUES (%s, %s, %s)
    , parameters: ('Being a Polyamorist', 'by Adiatamasa', 'https://ebook.twointomedia.com/being-a-polyamorist-adiatamasa/')
[2025-01-26T09:41:05.544+0000] {sql.py:562} INFO - Rows affected: 1
[2025-01-26T09:41:06.514+0000] {sql.py:553} INFO - Running statement: 
    INSERT INTO ebooks (judul, penulis, link)
    VALUES (%s, %s, %s)
    , parameters: ('Forever Yours Regardless', 'by Pichidichi', 'https://ebook.twointomedia.com/forever-yours-regardless-pichidichi/')
[2025-01-26T09:41:06.676+0000] {sql.py:562} INFO - Rows affected: 1
[2025-01-26T09:41:08.034+0000] {sql.py:553} INFO - Running statement: 
    INSERT INTO ebooks (judul, penulis, link)
    VALUES (%s, %s, %s)
    , parameters: ('Finally Mr. Right', 'by Shita Hapsari', 'https://ebook.twointomedia.com/finally-mr-right-shita-hapsari/')
[2025-01-26T09:41:08.207+0000] {sql.py:562} INFO - Rows affected: 1
[2025-01-26T09:41:10.163+0000] {sql.py:553} INFO - Running statement: 
    INSERT INTO ebooks (judul, penulis, link)
    VALUES (%s, %s, %s)
    , parameters: ('See You Again', 'by Septiana Villia', 'https://ebook.twointomedia.com/see-you-again-septiana-villia/')
[2025-01-26T09:41:10.293+0000] {sql.py:562} INFO - Rows affected: 1
[2025-01-26T09:41:11.104+0000] {sql.py:553} INFO - Running statement: 
    INSERT INTO ebooks (judul, penulis, link)
    VALUES (%s, %s, %s)
    , parameters: ('Kirana Cinta', 'by Anjar Anastasia', 'https://ebook.twointomedia.com/kirana-cinta-anjar-anastasia/')
[2025-01-26T09:41:11.169+0000] {sql.py:562} INFO - Rows affected: 1
[2025-01-26T09:41:12.505+0000] {sql.py:553} INFO - Running statement: 
    INSERT INTO ebooks (judul, penulis, link)
    VALUES (%s, %s, %s)
    , parameters: ('Elegi Patah Hati', 'by Veradsh', 'https://ebook.twointomedia.com/elegi-patah-hati-veradsh/')
[2025-01-26T09:41:12.586+0000] {sql.py:562} INFO - Rows affected: 1
[2025-01-26T09:41:13.724+0000] {sql.py:553} INFO - Running statement: 
    INSERT INTO ebooks (judul, penulis, link)
    VALUES (%s, %s, %s)
    , parameters: ('Be My Sweet Darling', 'by Queen Soraya', 'https://ebook.twointomedia.com/be-my-sweet-darling-queen-soraya/')
[2025-01-26T09:41:13.795+0000] {sql.py:562} INFO - Rows affected: 1
[2025-01-26T09:41:15.389+0000] {sql.py:553} INFO - Running statement: 
    INSERT INTO ebooks (judul, penulis, link)
    VALUES (%s, %s, %s)
    , parameters: ('Makhluk Tuhan Paling Katrok!', 'by Netty Virgiantini', 'https://ebook.twointomedia.com/makhluk-tuhan-paling-katrok-netty-virgiantini/')
[2025-01-26T09:41:15.611+0000] {sql.py:562} INFO - Rows affected: 1
[2025-01-26T09:41:17.372+0000] {sql.py:553} INFO - Running statement: 
    INSERT INTO ebooks (judul, penulis, link)
    VALUES (%s, %s, %s)
    , parameters: ('Chandelle', 'by Riawani Elyta', 'https://ebook.twointomedia.com/chandelle-riawani-elyta/')
[2025-01-26T09:41:17.448+0000] {sql.py:562} INFO - Rows affected: 1
[2025-01-26T09:41:20.008+0000] {sql.py:553} INFO - Running statement: 
    INSERT INTO ebooks (judul, penulis, link)
    VALUES (%s, %s, %s)
    , parameters: ('Telaga Rindu', 'by Netty Virgiantini', 'https://ebook.twointomedia.com/telaga-rindu-netty-virgiantini/')
[2025-01-26T09:41:20.074+0000] {sql.py:562} INFO - Rows affected: 1
[2025-01-26T09:41:21.624+0000] {sql.py:553} INFO - Running statement: 
    INSERT INTO ebooks (judul, penulis, link)
    VALUES (%s, %s, %s)
    , parameters: ('Air Mata Mila', 'by Sabila Septiani', 'https://ebook.twointomedia.com/air-mata-mila-sabila-septiani/')
[2025-01-26T09:41:21.783+0000] {sql.py:562} INFO - Rows affected: 1
[2025-01-26T09:41:23.313+0000] {sql.py:553} INFO - Running statement: 
    INSERT INTO ebooks (judul, penulis, link)
    VALUES (%s, %s, %s)
    , parameters: ('Tiga Sudut', 'by Aqiladyna', 'https://ebook.twointomedia.com/tiga-sudut-aqiladyna/')
[2025-01-26T09:41:23.393+0000] {sql.py:562} INFO - Rows affected: 1
[2025-01-26T09:41:25.441+0000] {sql.py:553} INFO - Running statement: 
    INSERT INTO ebooks (judul, penulis, link)
    VALUES (%s, %s, %s)
    , parameters: ('Mars & Bumi', 'by Nika Rakasiwi', 'https://ebook.twointomedia.com/mars-bumi-nika-rakasiwi/')
[2025-01-26T09:41:25.555+0000] {sql.py:562} INFO - Rows affected: 1
[2025-01-26T09:41:26.553+0000] {sql.py:553} INFO - Running statement: 
    INSERT INTO ebooks (judul, penulis, link)
    VALUES (%s, %s, %s)
    , parameters: ('First Time in Beijing', 'by Riawani Elyta', 'https://ebook.twointomedia.com/first-time-in-beijing-riawani-elyta/')
[2025-01-26T09:41:26.668+0000] {sql.py:562} INFO - Rows affected: 1
[2025-01-26T09:41:27.861+0000] {sql.py:553} INFO - Running statement: 
    INSERT INTO ebooks (judul, penulis, link)
    VALUES (%s, %s, %s)
    , parameters: ('Not a Dream Wedding', 'by Indah Muladiatin', 'https://ebook.twointomedia.com/not-a-dream-wedding-indah-muladiatin/')
[2025-01-26T09:41:27.980+0000] {sql.py:562} INFO - Rows affected: 1
[2025-01-26T09:41:30.553+0000] {sql.py:553} INFO - Running statement: 
    INSERT INTO ebooks (judul, penulis, link)
    VALUES (%s, %s, %s)
    , parameters: ('Ardhan', 'by Valencia Anggana', 'https://ebook.twointomedia.com/ardhan-valencia-anggana/')
[2025-01-26T09:41:30.868+0000] {sql.py:562} INFO - Rows affected: 1
[2025-01-26T09:41:33.879+0000] {sql.py:553} INFO - Running statement: 
    INSERT INTO ebooks (judul, penulis, link)
    VALUES (%s, %s, %s)
    , parameters: ('Kotak Pelangi', 'by Dyan Nuranindya', 'https://ebook.twointomedia.com/kotak-pelangi-dyan-nuranindya/')
[2025-01-26T09:41:33.989+0000] {sql.py:562} INFO - Rows affected: 1
[2025-01-26T09:41:35.867+0000] {sql.py:553} INFO - Running statement: 
    INSERT INTO ebooks (judul, penulis, link)
    VALUES (%s, %s, %s)
    , parameters: ('Remember You', 'by Dania Cutelfishy', 'https://ebook.twointomedia.com/remember-you-dania-cutelfishy/')
[2025-01-26T09:41:36.035+0000] {sql.py:562} INFO - Rows affected: 1
[2025-01-26T09:41:39.264+0000] {sql.py:553} INFO - Running statement: 
    INSERT INTO ebooks (judul, penulis, link)
    VALUES (%s, %s, %s)
    , parameters: ('Semua tentang Kamu', 'by Ari Keling', 'https://ebook.twointomedia.com/semua-tentang-kamu-ari-keling/')
[2025-01-26T09:41:39.327+0000] {sql.py:562} INFO - Rows affected: 1
[2025-01-26T09:41:40.808+0000] {sql.py:553} INFO - Running statement: 
    INSERT INTO ebooks (judul, penulis, link)
    VALUES (%s, %s, %s)
    , parameters: ('Ways to Love', 'by Ulianne', 'https://ebook.twointomedia.com/ways-to-love-ulianne/')
[2025-01-26T09:41:40.932+0000] {sql.py:562} INFO - Rows affected: 1
[2025-01-26T09:41:43.497+0000] {sql.py:553} INFO - Running statement: 
    INSERT INTO ebooks (judul, penulis, link)
    VALUES (%s, %s, %s)
    , parameters: ('Athena: Eureka!', 'by Erlin Natawiria', 'https://ebook.twointomedia.com/athena-eureka-erlin-natawiria/')
[2025-01-26T09:41:43.592+0000] {sql.py:562} INFO - Rows affected: 1
[2025-01-26T09:41:45.254+0000] {sql.py:553} INFO - Running statement: 
    INSERT INTO ebooks (judul, penulis, link)
    VALUES (%s, %s, %s)
    , parameters: ('Neighbours Slave', 'by Ervina Dyah Pratikaningrum', 'https://ebook.twointomedia.com/neighbours-slave-ervina-dyah-pratikaningrum/')
[2025-01-26T09:41:45.401+0000] {sql.py:562} INFO - Rows affected: 1
[2025-01-26T09:41:49.164+0000] {sql.py:553} INFO - Running statement: 
    INSERT INTO ebooks (judul, penulis, link)
    VALUES (%s, %s, %s)
    , parameters: ('Mendamba', 'by Aditia Yudis', 'https://ebook.twointomedia.com/mendamba-aditia-yudis/')
[2025-01-26T09:41:49.299+0000] {sql.py:562} INFO - Rows affected: 1
[2025-01-26T09:41:59.217+0000] {taskinstance.py:3311} ERROR - Task failed with exception
Traceback (most recent call last):
  File "/home/airflow/.local/lib/python3.12/site-packages/airflow/models/taskinstance.py", line 767, in _execute_task
    result = _execute_callable(context=context, **execute_callable_kwargs)
             ^^^^^^^^^^^^^^^^^^^^^^^^^^^^^^^^^^^^^^^^^^^^^^^^^^^^^^^^^^^^^
  File "/home/airflow/.local/lib/python3.12/site-packages/airflow/models/taskinstance.py", line 733, in _execute_callable
    return ExecutionCallableRunner(
           ^^^^^^^^^^^^^^^^^^^^^^^^
  File "/home/airflow/.local/lib/python3.12/site-packages/airflow/utils/operator_helpers.py", line 252, in run
    return self.func(*args, **kwargs)
           ^^^^^^^^^^^^^^^^^^^^^^^^^^
  File "/home/airflow/.local/lib/python3.12/site-packages/airflow/models/baseoperator.py", line 422, in wrapper
    return func(self, *args, **kwargs)
           ^^^^^^^^^^^^^^^^^^^^^^^^^^^
  File "/home/airflow/.local/lib/python3.12/site-packages/airflow/operators/python.py", line 238, in execute
    return_value = self.execute_callable()
                   ^^^^^^^^^^^^^^^^^^^^^^^
  File "/home/airflow/.local/lib/python3.12/site-packages/airflow/operators/python.py", line 256, in execute_callable
    return runner.run(*self.op_args, **self.op_kwargs)
           ^^^^^^^^^^^^^^^^^^^^^^^^^^^^^^^^^^^^^^^^^^^
  File "/home/airflow/.local/lib/python3.12/site-packages/airflow/utils/operator_helpers.py", line 252, in run
    return self.func(*args, **kwargs)
           ^^^^^^^^^^^^^^^^^^^^^^^^^^
  File "/opt/airflow/dags/app.py", line 59, in insert_ebook_data_into_postgres
    postgres_hook.run(insert_query, parameters=(ebook['Judul'], ebook['Penulis'], ebook['Link']))
  File "/home/airflow/.local/lib/python3.12/site-packages/airflow/providers/common/sql/hooks/sql.py", line 494, in run
    with self._create_autocommit_connection(autocommit) as conn:
         ^^^^^^^^^^^^^^^^^^^^^^^^^^^^^^^^^^^^^^^^^^^^^^
  File "/usr/local/lib/python3.12/contextlib.py", line 137, in __enter__
    return next(self.gen)
           ^^^^^^^^^^^^^^
  File "/home/airflow/.local/lib/python3.12/site-packages/airflow/providers/common/sql/hooks/sql.py", line 618, in _create_autocommit_connection
    with closing(self.get_conn()) as conn:
                 ^^^^^^^^^^^^^^^
  File "/home/airflow/.local/lib/python3.12/site-packages/airflow/providers/postgres/hooks/postgres.py", line 189, in get_conn
    self.conn = psycopg2.connect(**conn_args)
                ^^^^^^^^^^^^^^^^^^^^^^^^^^^^^
  File "/home/airflow/.local/lib/python3.12/site-packages/psycopg2/__init__.py", line 122, in connect
    conn = _connect(dsn, connection_factory=connection_factory, **kwasync)
           ^^^^^^^^^^^^^^^^^^^^^^^^^^^^^^^^^^^^^^^^^^^^^^^^^^^^^^^^^^^^^^^
psycopg2.OperationalError: could not translate host name "host.docker.internal" to address: Temporary failure in name resolution

[2025-01-26T09:42:09.580+0000] {taskinstance.py:340} INFO - ::group::Post task execution logs
[2025-01-26T09:46:16.756+0000] {job.py:239} ERROR - Job heartbeat failed with error
Traceback (most recent call last):
  File "/home/airflow/.local/lib/python3.12/site-packages/sqlalchemy/engine/base.py", line 3371, in _wrap_pool_connect
    return fn()
           ^^^^
  File "/home/airflow/.local/lib/python3.12/site-packages/sqlalchemy/pool/base.py", line 327, in connect
    return _ConnectionFairy._checkout(self)
           ^^^^^^^^^^^^^^^^^^^^^^^^^^^^^^^^
  File "/home/airflow/.local/lib/python3.12/site-packages/sqlalchemy/pool/base.py", line 894, in _checkout
    fairy = _ConnectionRecord.checkout(pool)
            ^^^^^^^^^^^^^^^^^^^^^^^^^^^^^^^^
  File "/home/airflow/.local/lib/python3.12/site-packages/sqlalchemy/pool/base.py", line 493, in checkout
    rec = pool._do_get()
          ^^^^^^^^^^^^^^
  File "/home/airflow/.local/lib/python3.12/site-packages/sqlalchemy/pool/impl.py", line 256, in _do_get
    return self._create_connection()
           ^^^^^^^^^^^^^^^^^^^^^^^^^
  File "/home/airflow/.local/lib/python3.12/site-packages/sqlalchemy/pool/base.py", line 273, in _create_connection
    return _ConnectionRecord(self)
           ^^^^^^^^^^^^^^^^^^^^^^^
  File "/home/airflow/.local/lib/python3.12/site-packages/sqlalchemy/pool/base.py", line 388, in __init__
    self.__connect()
  File "/home/airflow/.local/lib/python3.12/site-packages/sqlalchemy/pool/base.py", line 690, in __connect
    with util.safe_reraise():
         ^^^^^^^^^^^^^^^^^^^
  File "/home/airflow/.local/lib/python3.12/site-packages/sqlalchemy/util/langhelpers.py", line 70, in __exit__
    compat.raise_(
  File "/home/airflow/.local/lib/python3.12/site-packages/sqlalchemy/util/compat.py", line 211, in raise_
    raise exception
  File "/home/airflow/.local/lib/python3.12/site-packages/sqlalchemy/pool/base.py", line 686, in __connect
    self.dbapi_connection = connection = pool._invoke_creator(self)
                                         ^^^^^^^^^^^^^^^^^^^^^^^^^^
  File "/home/airflow/.local/lib/python3.12/site-packages/sqlalchemy/engine/create.py", line 574, in connect
    return dialect.connect(*cargs, **cparams)
           ^^^^^^^^^^^^^^^^^^^^^^^^^^^^^^^^^^
  File "/home/airflow/.local/lib/python3.12/site-packages/sqlalchemy/engine/default.py", line 598, in connect
    return self.dbapi.connect(*cargs, **cparams)
           ^^^^^^^^^^^^^^^^^^^^^^^^^^^^^^^^^^^^^
  File "/home/airflow/.local/lib/python3.12/site-packages/psycopg2/__init__.py", line 122, in connect
    conn = _connect(dsn, connection_factory=connection_factory, **kwasync)
           ^^^^^^^^^^^^^^^^^^^^^^^^^^^^^^^^^^^^^^^^^^^^^^^^^^^^^^^^^^^^^^^
psycopg2.OperationalError: could not translate host name "postgres" to address: Temporary failure in name resolution


The above exception was the direct cause of the following exception:

Traceback (most recent call last):
  File "/home/airflow/.local/lib/python3.12/site-packages/airflow/jobs/job.py", line 207, in heartbeat
    self._merge_from(Job._fetch_from_db(self, session))
                     ^^^^^^^^^^^^^^^^^^^^^^^^^^^^^^^^^
  File "/home/airflow/.local/lib/python3.12/site-packages/airflow/api_internal/internal_api_call.py", line 166, in wrapper
    return func(*args, **kwargs)
           ^^^^^^^^^^^^^^^^^^^^^
  File "/home/airflow/.local/lib/python3.12/site-packages/airflow/utils/session.py", line 94, in wrapper
    return func(*args, **kwargs)
           ^^^^^^^^^^^^^^^^^^^^^
  File "/home/airflow/.local/lib/python3.12/site-packages/airflow/utils/retries.py", line 93, in wrapped_function
    for attempt in run_with_db_retries(max_retries=retries, logger=logger, **retry_kwargs):
                   ^^^^^^^^^^^^^^^^^^^^^^^^^^^^^^^^^^^^^^^^^^^^^^^^^^^^^^^^^^^^^^^^^^^^^^^
  File "/home/airflow/.local/lib/python3.12/site-packages/tenacity/__init__.py", line 443, in __iter__
    do = self.iter(retry_state=retry_state)
         ^^^^^^^^^^^^^^^^^^^^^^^^^^^^^^^^^^
  File "/home/airflow/.local/lib/python3.12/site-packages/tenacity/__init__.py", line 376, in iter
    result = action(retry_state)
             ^^^^^^^^^^^^^^^^^^^
  File "/home/airflow/.local/lib/python3.12/site-packages/tenacity/__init__.py", line 418, in exc_check
    raise retry_exc.reraise()
          ^^^^^^^^^^^^^^^^^^^
  File "/home/airflow/.local/lib/python3.12/site-packages/tenacity/__init__.py", line 185, in reraise
    raise self.last_attempt.result()
          ^^^^^^^^^^^^^^^^^^^^^^^^^^
  File "/usr/local/lib/python3.12/concurrent/futures/_base.py", line 449, in result
    return self.__get_result()
           ^^^^^^^^^^^^^^^^^^^
  File "/usr/local/lib/python3.12/concurrent/futures/_base.py", line 401, in __get_result
    raise self._exception
  File "/home/airflow/.local/lib/python3.12/site-packages/airflow/utils/retries.py", line 102, in wrapped_function
    return func(*args, **kwargs)
           ^^^^^^^^^^^^^^^^^^^^^
  File "/home/airflow/.local/lib/python3.12/site-packages/airflow/jobs/job.py", line 335, in _fetch_from_db
    session.merge(job)
  File "/home/airflow/.local/lib/python3.12/site-packages/sqlalchemy/orm/session.py", line 3056, in merge
    return self._merge(
           ^^^^^^^^^^^^
  File "/home/airflow/.local/lib/python3.12/site-packages/sqlalchemy/orm/session.py", line 3136, in _merge
    merged = self.get(
             ^^^^^^^^^
  File "/home/airflow/.local/lib/python3.12/site-packages/sqlalchemy/orm/session.py", line 2853, in get
    return self._get_impl(
           ^^^^^^^^^^^^^^^
  File "/home/airflow/.local/lib/python3.12/site-packages/sqlalchemy/orm/session.py", line 2975, in _get_impl
    return db_load_fn(
           ^^^^^^^^^^^
  File "/home/airflow/.local/lib/python3.12/site-packages/sqlalchemy/orm/loading.py", line 530, in load_on_pk_identity
    session.execute(
  File "/home/airflow/.local/lib/python3.12/site-packages/sqlalchemy/orm/session.py", line 1716, in execute
    conn = self._connection_for_bind(bind)
           ^^^^^^^^^^^^^^^^^^^^^^^^^^^^^^^
  File "/home/airflow/.local/lib/python3.12/site-packages/sqlalchemy/orm/session.py", line 1555, in _connection_for_bind
    return self._transaction._connection_for_bind(
           ^^^^^^^^^^^^^^^^^^^^^^^^^^^^^^^^^^^^^^^
  File "/home/airflow/.local/lib/python3.12/site-packages/sqlalchemy/orm/session.py", line 750, in _connection_for_bind
    conn = bind.connect()
           ^^^^^^^^^^^^^^
  File "/home/airflow/.local/lib/python3.12/site-packages/sqlalchemy/future/engine.py", line 412, in connect
    return super(Engine, self).connect()
           ^^^^^^^^^^^^^^^^^^^^^^^^^^^^^
  File "/home/airflow/.local/lib/python3.12/site-packages/sqlalchemy/engine/base.py", line 3325, in connect
    return self._connection_cls(self, close_with_result=close_with_result)
           ^^^^^^^^^^^^^^^^^^^^^^^^^^^^^^^^^^^^^^^^^^^^^^^^^^^^^^^^^^^^^^^
  File "/home/airflow/.local/lib/python3.12/site-packages/sqlalchemy/engine/base.py", line 96, in __init__
    else engine.raw_connection()
         ^^^^^^^^^^^^^^^^^^^^^^^
  File "/home/airflow/.local/lib/python3.12/site-packages/sqlalchemy/engine/base.py", line 3404, in raw_connection
    return self._wrap_pool_connect(self.pool.connect, _connection)
           ^^^^^^^^^^^^^^^^^^^^^^^^^^^^^^^^^^^^^^^^^^^^^^^^^^^^^^^
  File "/home/airflow/.local/lib/python3.12/site-packages/sqlalchemy/engine/base.py", line 3374, in _wrap_pool_connect
    Connection._handle_dbapi_exception_noconnection(
  File "/home/airflow/.local/lib/python3.12/site-packages/sqlalchemy/engine/base.py", line 2208, in _handle_dbapi_exception_noconnection
    util.raise_(
  File "/home/airflow/.local/lib/python3.12/site-packages/sqlalchemy/util/compat.py", line 211, in raise_
    raise exception
  File "/home/airflow/.local/lib/python3.12/site-packages/sqlalchemy/engine/base.py", line 3371, in _wrap_pool_connect
    return fn()
           ^^^^
  File "/home/airflow/.local/lib/python3.12/site-packages/sqlalchemy/pool/base.py", line 327, in connect
    return _ConnectionFairy._checkout(self)
           ^^^^^^^^^^^^^^^^^^^^^^^^^^^^^^^^
  File "/home/airflow/.local/lib/python3.12/site-packages/sqlalchemy/pool/base.py", line 894, in _checkout
    fairy = _ConnectionRecord.checkout(pool)
            ^^^^^^^^^^^^^^^^^^^^^^^^^^^^^^^^
  File "/home/airflow/.local/lib/python3.12/site-packages/sqlalchemy/pool/base.py", line 493, in checkout
    rec = pool._do_get()
          ^^^^^^^^^^^^^^
  File "/home/airflow/.local/lib/python3.12/site-packages/sqlalchemy/pool/impl.py", line 256, in _do_get
    return self._create_connection()
           ^^^^^^^^^^^^^^^^^^^^^^^^^
  File "/home/airflow/.local/lib/python3.12/site-packages/sqlalchemy/pool/base.py", line 273, in _create_connection
    return _ConnectionRecord(self)
           ^^^^^^^^^^^^^^^^^^^^^^^
  File "/home/airflow/.local/lib/python3.12/site-packages/sqlalchemy/pool/base.py", line 388, in __init__
    self.__connect()
  File "/home/airflow/.local/lib/python3.12/site-packages/sqlalchemy/pool/base.py", line 690, in __connect
    with util.safe_reraise():
         ^^^^^^^^^^^^^^^^^^^
  File "/home/airflow/.local/lib/python3.12/site-packages/sqlalchemy/util/langhelpers.py", line 70, in __exit__
    compat.raise_(
  File "/home/airflow/.local/lib/python3.12/site-packages/sqlalchemy/util/compat.py", line 211, in raise_
    raise exception
  File "/home/airflow/.local/lib/python3.12/site-packages/sqlalchemy/pool/base.py", line 686, in __connect
    self.dbapi_connection = connection = pool._invoke_creator(self)
                                         ^^^^^^^^^^^^^^^^^^^^^^^^^^
  File "/home/airflow/.local/lib/python3.12/site-packages/sqlalchemy/engine/create.py", line 574, in connect
    return dialect.connect(*cargs, **cparams)
           ^^^^^^^^^^^^^^^^^^^^^^^^^^^^^^^^^^
  File "/home/airflow/.local/lib/python3.12/site-packages/sqlalchemy/engine/default.py", line 598, in connect
    return self.dbapi.connect(*cargs, **cparams)
           ^^^^^^^^^^^^^^^^^^^^^^^^^^^^^^^^^^^^^
  File "/home/airflow/.local/lib/python3.12/site-packages/psycopg2/__init__.py", line 122, in connect
    conn = _connect(dsn, connection_factory=connection_factory, **kwasync)
           ^^^^^^^^^^^^^^^^^^^^^^^^^^^^^^^^^^^^^^^^^^^^^^^^^^^^^^^^^^^^^^^
sqlalchemy.exc.OperationalError: (psycopg2.OperationalError) could not translate host name "postgres" to address: Temporary failure in name resolution

(Background on this error at: https://sqlalche.me/e/14/e3q8)
[2025-01-26T09:46:17.936+0000] {job.py:254} ERROR - Job heartbeat failed with error. Scheduler is in unhealthy state
[2025-01-26T09:43:05.611+0000] {standard_task_runner.py:124} ERROR - Failed to execute job 1200 for task insert_ebook_data ((psycopg2.OperationalError) could not translate host name "postgres" to address: Temporary failure in name resolution

(Background on this error at: https://sqlalche.me/e/14/e3q8); 5087)
Traceback (most recent call last):
  File "/home/airflow/.local/lib/python3.12/site-packages/airflow/models/taskinstance.py", line 273, in _run_raw_task
    TaskInstance._execute_task_with_callbacks(
  File "/home/airflow/.local/lib/python3.12/site-packages/airflow/models/taskinstance.py", line 3159, in _execute_task_with_callbacks
    result = self._execute_task(context, task_orig)
             ^^^^^^^^^^^^^^^^^^^^^^^^^^^^^^^^^^^^^^
  File "/home/airflow/.local/lib/python3.12/site-packages/airflow/models/taskinstance.py", line 3183, in _execute_task
    return _execute_task(self, context, task_orig)
           ^^^^^^^^^^^^^^^^^^^^^^^^^^^^^^^^^^^^^^^
  File "/home/airflow/.local/lib/python3.12/site-packages/airflow/models/taskinstance.py", line 767, in _execute_task
    result = _execute_callable(context=context, **execute_callable_kwargs)
             ^^^^^^^^^^^^^^^^^^^^^^^^^^^^^^^^^^^^^^^^^^^^^^^^^^^^^^^^^^^^^
  File "/home/airflow/.local/lib/python3.12/site-packages/airflow/models/taskinstance.py", line 733, in _execute_callable
    return ExecutionCallableRunner(
           ^^^^^^^^^^^^^^^^^^^^^^^^
  File "/home/airflow/.local/lib/python3.12/site-packages/airflow/utils/operator_helpers.py", line 252, in run
    return self.func(*args, **kwargs)
           ^^^^^^^^^^^^^^^^^^^^^^^^^^
  File "/home/airflow/.local/lib/python3.12/site-packages/airflow/models/baseoperator.py", line 422, in wrapper
    return func(self, *args, **kwargs)
           ^^^^^^^^^^^^^^^^^^^^^^^^^^^
  File "/home/airflow/.local/lib/python3.12/site-packages/airflow/operators/python.py", line 238, in execute
    return_value = self.execute_callable()
                   ^^^^^^^^^^^^^^^^^^^^^^^
  File "/home/airflow/.local/lib/python3.12/site-packages/airflow/operators/python.py", line 256, in execute_callable
    return runner.run(*self.op_args, **self.op_kwargs)
           ^^^^^^^^^^^^^^^^^^^^^^^^^^^^^^^^^^^^^^^^^^^
  File "/home/airflow/.local/lib/python3.12/site-packages/airflow/utils/operator_helpers.py", line 252, in run
    return self.func(*args, **kwargs)
           ^^^^^^^^^^^^^^^^^^^^^^^^^^
  File "/opt/airflow/dags/app.py", line 59, in insert_ebook_data_into_postgres
    postgres_hook.run(insert_query, parameters=(ebook['Judul'], ebook['Penulis'], ebook['Link']))
  File "/home/airflow/.local/lib/python3.12/site-packages/airflow/providers/common/sql/hooks/sql.py", line 494, in run
    with self._create_autocommit_connection(autocommit) as conn:
         ^^^^^^^^^^^^^^^^^^^^^^^^^^^^^^^^^^^^^^^^^^^^^^
  File "/usr/local/lib/python3.12/contextlib.py", line 137, in __enter__
    return next(self.gen)
           ^^^^^^^^^^^^^^
  File "/home/airflow/.local/lib/python3.12/site-packages/airflow/providers/common/sql/hooks/sql.py", line 618, in _create_autocommit_connection
    with closing(self.get_conn()) as conn:
                 ^^^^^^^^^^^^^^^
  File "/home/airflow/.local/lib/python3.12/site-packages/airflow/providers/postgres/hooks/postgres.py", line 189, in get_conn
    self.conn = psycopg2.connect(**conn_args)
                ^^^^^^^^^^^^^^^^^^^^^^^^^^^^^
  File "/home/airflow/.local/lib/python3.12/site-packages/psycopg2/__init__.py", line 122, in connect
    conn = _connect(dsn, connection_factory=connection_factory, **kwasync)
           ^^^^^^^^^^^^^^^^^^^^^^^^^^^^^^^^^^^^^^^^^^^^^^^^^^^^^^^^^^^^^^^
psycopg2.OperationalError: could not translate host name "host.docker.internal" to address: Temporary failure in name resolution


During handling of the above exception, another exception occurred:

Traceback (most recent call last):
  File "/home/airflow/.local/lib/python3.12/site-packages/sqlalchemy/engine/base.py", line 3371, in _wrap_pool_connect
    return fn()
           ^^^^
  File "/home/airflow/.local/lib/python3.12/site-packages/sqlalchemy/pool/base.py", line 327, in connect
    return _ConnectionFairy._checkout(self)
           ^^^^^^^^^^^^^^^^^^^^^^^^^^^^^^^^
  File "/home/airflow/.local/lib/python3.12/site-packages/sqlalchemy/pool/base.py", line 894, in _checkout
    fairy = _ConnectionRecord.checkout(pool)
            ^^^^^^^^^^^^^^^^^^^^^^^^^^^^^^^^
  File "/home/airflow/.local/lib/python3.12/site-packages/sqlalchemy/pool/base.py", line 493, in checkout
    rec = pool._do_get()
          ^^^^^^^^^^^^^^
  File "/home/airflow/.local/lib/python3.12/site-packages/sqlalchemy/pool/impl.py", line 256, in _do_get
    return self._create_connection()
           ^^^^^^^^^^^^^^^^^^^^^^^^^
  File "/home/airflow/.local/lib/python3.12/site-packages/sqlalchemy/pool/base.py", line 273, in _create_connection
    return _ConnectionRecord(self)
           ^^^^^^^^^^^^^^^^^^^^^^^
  File "/home/airflow/.local/lib/python3.12/site-packages/sqlalchemy/pool/base.py", line 388, in __init__
    self.__connect()
  File "/home/airflow/.local/lib/python3.12/site-packages/sqlalchemy/pool/base.py", line 690, in __connect
    with util.safe_reraise():
         ^^^^^^^^^^^^^^^^^^^
  File "/home/airflow/.local/lib/python3.12/site-packages/sqlalchemy/util/langhelpers.py", line 70, in __exit__
    compat.raise_(
  File "/home/airflow/.local/lib/python3.12/site-packages/sqlalchemy/util/compat.py", line 211, in raise_
    raise exception
  File "/home/airflow/.local/lib/python3.12/site-packages/sqlalchemy/pool/base.py", line 686, in __connect
    self.dbapi_connection = connection = pool._invoke_creator(self)
                                         ^^^^^^^^^^^^^^^^^^^^^^^^^^
  File "/home/airflow/.local/lib/python3.12/site-packages/sqlalchemy/engine/create.py", line 574, in connect
    return dialect.connect(*cargs, **cparams)
           ^^^^^^^^^^^^^^^^^^^^^^^^^^^^^^^^^^
  File "/home/airflow/.local/lib/python3.12/site-packages/sqlalchemy/engine/default.py", line 598, in connect
    return self.dbapi.connect(*cargs, **cparams)
           ^^^^^^^^^^^^^^^^^^^^^^^^^^^^^^^^^^^^^
  File "/home/airflow/.local/lib/python3.12/site-packages/psycopg2/__init__.py", line 122, in connect
    conn = _connect(dsn, connection_factory=connection_factory, **kwasync)
           ^^^^^^^^^^^^^^^^^^^^^^^^^^^^^^^^^^^^^^^^^^^^^^^^^^^^^^^^^^^^^^^
psycopg2.OperationalError: could not translate host name "postgres" to address: Temporary failure in name resolution


The above exception was the direct cause of the following exception:

Traceback (most recent call last):
  File "/home/airflow/.local/lib/python3.12/site-packages/airflow/task/task_runner/standard_task_runner.py", line 117, in _start_by_fork
    ret = args.func(args, dag=self.dag)
          ^^^^^^^^^^^^^^^^^^^^^^^^^^^^^
  File "/home/airflow/.local/lib/python3.12/site-packages/airflow/cli/cli_config.py", line 49, in command
    return func(*args, **kwargs)
           ^^^^^^^^^^^^^^^^^^^^^
  File "/home/airflow/.local/lib/python3.12/site-packages/airflow/utils/cli.py", line 116, in wrapper
    return f(*args, **kwargs)
           ^^^^^^^^^^^^^^^^^^
  File "/home/airflow/.local/lib/python3.12/site-packages/airflow/cli/commands/task_command.py", line 483, in task_run
    task_return_code = _run_task_by_selected_method(args, _dag, ti)
                       ^^^^^^^^^^^^^^^^^^^^^^^^^^^^^^^^^^^^^^^^^^^^
  File "/home/airflow/.local/lib/python3.12/site-packages/airflow/cli/commands/task_command.py", line 256, in _run_task_by_selected_method
    return _run_raw_task(args, ti)
           ^^^^^^^^^^^^^^^^^^^^^^^
  File "/home/airflow/.local/lib/python3.12/site-packages/airflow/cli/commands/task_command.py", line 341, in _run_raw_task
    return ti._run_raw_task(
           ^^^^^^^^^^^^^^^^^
  File "/home/airflow/.local/lib/python3.12/site-packages/airflow/utils/session.py", line 97, in wrapper
    return func(*args, session=session, **kwargs)
           ^^^^^^^^^^^^^^^^^^^^^^^^^^^^^^^^^^^^^^
  File "/home/airflow/.local/lib/python3.12/site-packages/airflow/models/taskinstance.py", line 3005, in _run_raw_task
    return _run_raw_task(
           ^^^^^^^^^^^^^^
  File "/home/airflow/.local/lib/python3.12/site-packages/airflow/models/taskinstance.py", line 336, in _run_raw_task
    ti.handle_failure(e, test_mode, context, session=session)
  File "/home/airflow/.local/lib/python3.12/site-packages/airflow/utils/session.py", line 94, in wrapper
    return func(*args, **kwargs)
           ^^^^^^^^^^^^^^^^^^^^^
  File "/home/airflow/.local/lib/python3.12/site-packages/airflow/models/taskinstance.py", line 3428, in handle_failure
    _handle_failure(
  File "/home/airflow/.local/lib/python3.12/site-packages/airflow/utils/session.py", line 94, in wrapper
    return func(*args, **kwargs)
           ^^^^^^^^^^^^^^^^^^^^^
  File "/home/airflow/.local/lib/python3.12/site-packages/airflow/api_internal/internal_api_call.py", line 166, in wrapper
    return func(*args, **kwargs)
           ^^^^^^^^^^^^^^^^^^^^^
  File "/home/airflow/.local/lib/python3.12/site-packages/airflow/models/taskinstance.py", line 1215, in _handle_failure
    failure_context = TaskInstance.fetch_handle_failure_context(
                      ^^^^^^^^^^^^^^^^^^^^^^^^^^^^^^^^^^^^^^^^^^
  File "/home/airflow/.local/lib/python3.12/site-packages/airflow/models/taskinstance.py", line 3315, in fetch_handle_failure_context
    ti.refresh_from_db(session)
  File "/home/airflow/.local/lib/python3.12/site-packages/airflow/utils/session.py", line 94, in wrapper
    return func(*args, **kwargs)
           ^^^^^^^^^^^^^^^^^^^^^
  File "/home/airflow/.local/lib/python3.12/site-packages/airflow/models/taskinstance.py", line 2359, in refresh_from_db
    _refresh_from_db(task_instance=self, session=session, lock_for_update=lock_for_update)
  File "/home/airflow/.local/lib/python3.12/site-packages/airflow/models/taskinstance.py", line 872, in _refresh_from_db
    ti = TaskInstance.get_task_instance(
         ^^^^^^^^^^^^^^^^^^^^^^^^^^^^^^^
  File "/home/airflow/.local/lib/python3.12/site-packages/airflow/api_internal/internal_api_call.py", line 166, in wrapper
    return func(*args, **kwargs)
           ^^^^^^^^^^^^^^^^^^^^^
  File "/home/airflow/.local/lib/python3.12/site-packages/airflow/utils/session.py", line 94, in wrapper
    return func(*args, **kwargs)
           ^^^^^^^^^^^^^^^^^^^^^
  File "/home/airflow/.local/lib/python3.12/site-packages/airflow/models/taskinstance.py", line 2345, in get_task_instance
    return query.one_or_none()
           ^^^^^^^^^^^^^^^^^^^
  File "/home/airflow/.local/lib/python3.12/site-packages/sqlalchemy/orm/query.py", line 2850, in one_or_none
    return self._iter().one_or_none()
           ^^^^^^^^^^^^
  File "/home/airflow/.local/lib/python3.12/site-packages/sqlalchemy/orm/query.py", line 2916, in _iter
    result = self.session.execute(
             ^^^^^^^^^^^^^^^^^^^^^
  File "/home/airflow/.local/lib/python3.12/site-packages/sqlalchemy/orm/session.py", line 1716, in execute
    conn = self._connection_for_bind(bind)
           ^^^^^^^^^^^^^^^^^^^^^^^^^^^^^^^
  File "/home/airflow/.local/lib/python3.12/site-packages/sqlalchemy/orm/session.py", line 1555, in _connection_for_bind
    return self._transaction._connection_for_bind(
           ^^^^^^^^^^^^^^^^^^^^^^^^^^^^^^^^^^^^^^^
  File "/home/airflow/.local/lib/python3.12/site-packages/sqlalchemy/orm/session.py", line 750, in _connection_for_bind
    conn = bind.connect()
           ^^^^^^^^^^^^^^
  File "/home/airflow/.local/lib/python3.12/site-packages/sqlalchemy/future/engine.py", line 412, in connect
    return super(Engine, self).connect()
           ^^^^^^^^^^^^^^^^^^^^^^^^^^^^^
  File "/home/airflow/.local/lib/python3.12/site-packages/sqlalchemy/engine/base.py", line 3325, in connect
    return self._connection_cls(self, close_with_result=close_with_result)
           ^^^^^^^^^^^^^^^^^^^^^^^^^^^^^^^^^^^^^^^^^^^^^^^^^^^^^^^^^^^^^^^
  File "/home/airflow/.local/lib/python3.12/site-packages/sqlalchemy/engine/base.py", line 96, in __init__
    else engine.raw_connection()
         ^^^^^^^^^^^^^^^^^^^^^^^
  File "/home/airflow/.local/lib/python3.12/site-packages/sqlalchemy/engine/base.py", line 3404, in raw_connection
    return self._wrap_pool_connect(self.pool.connect, _connection)
           ^^^^^^^^^^^^^^^^^^^^^^^^^^^^^^^^^^^^^^^^^^^^^^^^^^^^^^^
  File "/home/airflow/.local/lib/python3.12/site-packages/sqlalchemy/engine/base.py", line 3374, in _wrap_pool_connect
    Connection._handle_dbapi_exception_noconnection(
  File "/home/airflow/.local/lib/python3.12/site-packages/sqlalchemy/engine/base.py", line 2208, in _handle_dbapi_exception_noconnection
    util.raise_(
  File "/home/airflow/.local/lib/python3.12/site-packages/sqlalchemy/util/compat.py", line 211, in raise_
    raise exception
  File "/home/airflow/.local/lib/python3.12/site-packages/sqlalchemy/engine/base.py", line 3371, in _wrap_pool_connect
    return fn()
           ^^^^
  File "/home/airflow/.local/lib/python3.12/site-packages/sqlalchemy/pool/base.py", line 327, in connect
    return _ConnectionFairy._checkout(self)
           ^^^^^^^^^^^^^^^^^^^^^^^^^^^^^^^^
  File "/home/airflow/.local/lib/python3.12/site-packages/sqlalchemy/pool/base.py", line 894, in _checkout
    fairy = _ConnectionRecord.checkout(pool)
            ^^^^^^^^^^^^^^^^^^^^^^^^^^^^^^^^
  File "/home/airflow/.local/lib/python3.12/site-packages/sqlalchemy/pool/base.py", line 493, in checkout
    rec = pool._do_get()
          ^^^^^^^^^^^^^^
  File "/home/airflow/.local/lib/python3.12/site-packages/sqlalchemy/pool/impl.py", line 256, in _do_get
    return self._create_connection()
           ^^^^^^^^^^^^^^^^^^^^^^^^^
  File "/home/airflow/.local/lib/python3.12/site-packages/sqlalchemy/pool/base.py", line 273, in _create_connection
    return _ConnectionRecord(self)
           ^^^^^^^^^^^^^^^^^^^^^^^
  File "/home/airflow/.local/lib/python3.12/site-packages/sqlalchemy/pool/base.py", line 388, in __init__
    self.__connect()
  File "/home/airflow/.local/lib/python3.12/site-packages/sqlalchemy/pool/base.py", line 690, in __connect
    with util.safe_reraise():
         ^^^^^^^^^^^^^^^^^^^
  File "/home/airflow/.local/lib/python3.12/site-packages/sqlalchemy/util/langhelpers.py", line 70, in __exit__
    compat.raise_(
  File "/home/airflow/.local/lib/python3.12/site-packages/sqlalchemy/util/compat.py", line 211, in raise_
    raise exception
  File "/home/airflow/.local/lib/python3.12/site-packages/sqlalchemy/pool/base.py", line 686, in __connect
    self.dbapi_connection = connection = pool._invoke_creator(self)
                                         ^^^^^^^^^^^^^^^^^^^^^^^^^^
  File "/home/airflow/.local/lib/python3.12/site-packages/sqlalchemy/engine/create.py", line 574, in connect
    return dialect.connect(*cargs, **cparams)
           ^^^^^^^^^^^^^^^^^^^^^^^^^^^^^^^^^^
  File "/home/airflow/.local/lib/python3.12/site-packages/sqlalchemy/engine/default.py", line 598, in connect
    return self.dbapi.connect(*cargs, **cparams)
           ^^^^^^^^^^^^^^^^^^^^^^^^^^^^^^^^^^^^^
  File "/home/airflow/.local/lib/python3.12/site-packages/psycopg2/__init__.py", line 122, in connect
    conn = _connect(dsn, connection_factory=connection_factory, **kwasync)
           ^^^^^^^^^^^^^^^^^^^^^^^^^^^^^^^^^^^^^^^^^^^^^^^^^^^^^^^^^^^^^^^
sqlalchemy.exc.OperationalError: (psycopg2.OperationalError) could not translate host name "postgres" to address: Temporary failure in name resolution

(Background on this error at: https://sqlalche.me/e/14/e3q8)
[2025-01-26T09:46:18.512+0000] {local_task_job_runner.py:266} INFO - Task exited with return code 1
[2025-01-26T09:46:21.573+0000] {standard_task_runner.py:217} INFO - Process not found (most likely exited), stop collecting metrics
[2025-01-26T09:46:22.611+0000] {taskinstance.py:3895} INFO - 0 downstream tasks scheduled from follow-on schedule check
[2025-01-26T09:46:22.881+0000] {local_task_job_runner.py:245} INFO - ::endgroup::
